2021-07-13 11:23:09.181  INFO 13028 --- [restartedMain] c.example.demo.IssuesServiceApplication  : Starting IssuesServiceApplication using Java 15.0.2 on LAPTOP-LEESJVQH with PID 13028 (C:\Users\001ZNC744\Documents\workspace-spring-tool-suite-4-4.10.0.RELEASE\issues-service\target\classes started by 001ZNC744 in C:\Users\001ZNC744\Documents\workspace-spring-tool-suite-4-4.10.0.RELEASE\issues-service)
2021-07-13 11:23:09.189  INFO 13028 --- [restartedMain] c.example.demo.IssuesServiceApplication  : No active profile set, falling back to default profiles: default
2021-07-13 11:23:09.340  INFO 13028 --- [restartedMain] .e.DevToolsPropertyDefaultsPostProcessor : Devtools property defaults active! Set 'spring.devtools.add-properties' to 'false' to disable
2021-07-13 11:23:09.353  INFO 13028 --- [restartedMain] .e.DevToolsPropertyDefaultsPostProcessor : For additional web related logging consider setting the 'logging.level.web' property to 'DEBUG'
2021-07-13 11:23:12.895  INFO 13028 --- [restartedMain] .s.d.r.c.RepositoryConfigurationDelegate : Bootstrapping Spring Data MongoDB repositories in DEFAULT mode.
2021-07-13 11:23:13.361  INFO 13028 --- [restartedMain] .s.d.r.c.RepositoryConfigurationDelegate : Finished Spring Data repository scanning in 454 ms. Found 1 MongoDB repository interfaces.
2021-07-13 11:23:14.077  INFO 13028 --- [restartedMain] o.s.cloud.context.scope.GenericScope     : BeanFactory id=f959e3d8-773e-33a9-91dc-24abdde1c83e
2021-07-13 11:23:15.376  INFO 13028 --- [restartedMain] o.s.b.w.embedded.tomcat.TomcatWebServer  : Tomcat initialized with port(s): 8082 (http)
2021-07-13 11:23:15.388  INFO 13028 --- [restartedMain] o.apache.catalina.core.StandardService   : Starting service [Tomcat]
2021-07-13 11:23:15.389  INFO 13028 --- [restartedMain] org.apache.catalina.core.StandardEngine  : Starting Servlet engine: [Apache Tomcat/9.0.48]
2021-07-13 11:23:15.540  INFO 13028 --- [restartedMain] o.a.c.c.C.[Tomcat].[localhost].[/]       : Initializing Spring embedded WebApplicationContext
2021-07-13 11:23:15.541  INFO 13028 --- [restartedMain] w.s.c.ServletWebServerApplicationContext : Root WebApplicationContext: initialization completed in 6185 ms
2021-07-13 11:23:16.055  INFO 13028 --- [restartedMain] org.mongodb.driver.cluster               : Cluster created with settings {hosts=[localhost:27017], mode=SINGLE, requiredClusterType=UNKNOWN, serverSelectionTimeout='30000 ms'}
2021-07-13 11:23:16.145  INFO 13028 --- [cluster-ClusterId{value='60ed2a4ce163e51b42c25de5', description='null'}-localhost:27017] org.mongodb.driver.connection            : Opened connection [connectionId{localValue:1, serverValue:19}] to localhost:27017
2021-07-13 11:23:16.146  INFO 13028 --- [cluster-rtt-ClusterId{value='60ed2a4ce163e51b42c25de5', description='null'}-localhost:27017] org.mongodb.driver.connection            : Opened connection [connectionId{localValue:2, serverValue:20}] to localhost:27017
2021-07-13 11:23:16.146  INFO 13028 --- [cluster-ClusterId{value='60ed2a4ce163e51b42c25de5', description='null'}-localhost:27017] org.mongodb.driver.cluster               : Monitor thread successfully connected to server with description ServerDescription{address=localhost:27017, type=STANDALONE, state=CONNECTED, ok=true, minWireVersion=0, maxWireVersion=9, maxDocumentSize=16777216, logicalSessionTimeoutMinutes=30, roundTripTimeNanos=31170800}
2021-07-13 11:23:16.214  WARN 13028 --- [restartedMain] o.s.data.convert.CustomConversions       : Registering converter from class java.time.LocalDateTime to class org.joda.time.LocalDateTime as reading converter although it doesn't convert from a store-supported type! You might want to check your annotation setup at the converter implementation.
2021-07-13 11:23:16.353  WARN 13028 --- [restartedMain] o.s.b.d.a.OptionalLiveReloadServer       : Unable to start LiveReload server
2021-07-13 11:23:16.423  WARN 13028 --- [restartedMain] o.s.data.convert.CustomConversions       : Registering converter from class java.time.LocalDateTime to class org.joda.time.LocalDateTime as reading converter although it doesn't convert from a store-supported type! You might want to check your annotation setup at the converter implementation.
2021-07-13 11:23:18.031  INFO 13028 --- [restartedMain] o.s.b.a.e.web.EndpointLinksResolver      : Exposing 2 endpoint(s) beneath base path '/actuator'
2021-07-13 11:23:18.230  INFO 13028 --- [restartedMain] pertySourcedRequestMappingHandlerMapping : Mapped URL path [/v2/api-docs] onto method [springfox.documentation.swagger2.web.Swagger2Controller#getDocumentation(String, HttpServletRequest)]
2021-07-13 11:23:20.162  INFO 13028 --- [restartedMain] DiscoveryClientOptionalArgsConfiguration : Eureka HTTP Client uses RestTemplate.
2021-07-13 11:23:20.329  WARN 13028 --- [restartedMain] iguration$LoadBalancerCaffeineWarnLogger : Spring Cloud LoadBalancer is currently working with the default cache. You can switch to using Caffeine cache, by adding it and org.springframework.cache.caffeine.CaffeineCacheManager to the classpath.
2021-07-13 11:23:20.506  INFO 13028 --- [restartedMain] o.s.c.n.eureka.InstanceInfoFactory       : Setting initial instance status as: STARTING
2021-07-13 11:23:20.583  INFO 13028 --- [restartedMain] com.netflix.discovery.DiscoveryClient    : Initializing Eureka in region us-east-1
2021-07-13 11:23:20.592  INFO 13028 --- [restartedMain] c.n.d.s.r.aws.ConfigClusterResolver      : Resolving eureka endpoints via configuration
2021-07-13 11:23:20.649  INFO 13028 --- [restartedMain] com.netflix.discovery.DiscoveryClient    : Disable delta property : false
2021-07-13 11:23:20.650  INFO 13028 --- [restartedMain] com.netflix.discovery.DiscoveryClient    : Single vip registry refresh property : null
2021-07-13 11:23:20.651  INFO 13028 --- [restartedMain] com.netflix.discovery.DiscoveryClient    : Force full registry fetch : false
2021-07-13 11:23:20.651  INFO 13028 --- [restartedMain] com.netflix.discovery.DiscoveryClient    : Application is null : false
2021-07-13 11:23:20.651  INFO 13028 --- [restartedMain] com.netflix.discovery.DiscoveryClient    : Registered Applications size is zero : true
2021-07-13 11:23:20.651  INFO 13028 --- [restartedMain] com.netflix.discovery.DiscoveryClient    : Application version is -1: true
2021-07-13 11:23:20.651  INFO 13028 --- [restartedMain] com.netflix.discovery.DiscoveryClient    : Getting all instance registry info from the eureka server
2021-07-13 11:23:20.840  INFO 13028 --- [RMI TCP Connection(1)-127.0.0.1] o.a.c.c.C.[Tomcat].[localhost].[/]       : Initializing Spring DispatcherServlet 'dispatcherServlet'
2021-07-13 11:23:20.841  INFO 13028 --- [RMI TCP Connection(1)-127.0.0.1] o.s.web.servlet.DispatcherServlet        : Initializing Servlet 'dispatcherServlet'
2021-07-13 11:23:20.844  INFO 13028 --- [RMI TCP Connection(1)-127.0.0.1] o.s.web.servlet.DispatcherServlet        : Completed initialization in 3 ms
2021-07-13 11:23:21.342  INFO 13028 --- [restartedMain] com.netflix.discovery.DiscoveryClient    : The response status is 200
2021-07-13 11:23:21.354  INFO 13028 --- [restartedMain] com.netflix.discovery.DiscoveryClient    : Starting heartbeat executor: renew interval is: 30
2021-07-13 11:23:21.365  INFO 13028 --- [restartedMain] c.n.discovery.InstanceInfoReplicator     : InstanceInfoReplicator onDemand update allowed rate per min is 4
2021-07-13 11:23:21.389  INFO 13028 --- [restartedMain] com.netflix.discovery.DiscoveryClient    : Discovery Client initialized at timestamp 1626155601386 with initial instances count: 0
2021-07-13 11:23:21.390  INFO 13028 --- [restartedMain] o.s.c.n.e.s.EurekaServiceRegistry        : Registering application ISSUE-SERVIE with eureka with status UP
2021-07-13 11:23:21.391  INFO 13028 --- [restartedMain] com.netflix.discovery.DiscoveryClient    : Saw local status change event StatusChangeEvent [timestamp=1626155601391, current=UP, previous=STARTING]
2021-07-13 11:23:21.394  INFO 13028 --- [DiscoveryClient-InstanceInfoReplicator-0] com.netflix.discovery.DiscoveryClient    : DiscoveryClient_ISSUE-SERVIE/9.85.108.186:issue-servie:8082: registering service...
2021-07-13 11:23:21.434  INFO 13028 --- [restartedMain] o.s.b.w.embedded.tomcat.TomcatWebServer  : Tomcat started on port(s): 8082 (http) with context path ''
2021-07-13 11:23:21.436  INFO 13028 --- [restartedMain] .s.c.n.e.s.EurekaAutoServiceRegistration : Updating port to 8082
2021-07-13 11:23:21.655  INFO 13028 --- [restartedMain] d.s.w.p.DocumentationPluginsBootstrapper : Context refreshed
2021-07-13 11:23:21.681  INFO 13028 --- [restartedMain] d.s.w.p.DocumentationPluginsBootstrapper : Found 1 custom documentation plugin(s)
2021-07-13 11:23:21.695  INFO 13028 --- [DiscoveryClient-InstanceInfoReplicator-0] com.netflix.discovery.DiscoveryClient    : DiscoveryClient_ISSUE-SERVIE/9.85.108.186:issue-servie:8082 - registration status: 204
2021-07-13 11:23:21.727  INFO 13028 --- [restartedMain] s.d.s.w.s.ApiListingReferenceScanner     : Scanning for api listing references
2021-07-13 11:23:22.038  INFO 13028 --- [restartedMain] .d.s.w.r.o.CachingOperationNameGenerator : Generating unique operation named: handleUsingGET_1
2021-07-13 11:23:22.046  INFO 13028 --- [restartedMain] .d.s.w.r.o.CachingOperationNameGenerator : Generating unique operation named: handleUsingGET_2
2021-07-13 11:23:22.104  INFO 13028 --- [restartedMain] c.example.demo.IssuesServiceApplication  : Started IssuesServiceApplication in 14.771 seconds (JVM running for 19.662)
2021-07-13 11:23:27.148  INFO 13028 --- [registrationTask1] d.c.b.a.c.r.ApplicationRegistrator       : Application registered itself as 0eec25c18072
2021-07-13 11:23:27.582  INFO 13028 --- [http-nio-8082-exec-1] org.mongodb.driver.connection            : Opened connection [connectionId{localValue:3, serverValue:21}] to localhost:27017
2021-07-13 11:23:51.368  INFO 13028 --- [DiscoveryClient-CacheRefreshExecutor-0] com.netflix.discovery.DiscoveryClient    : Disable delta property : false
2021-07-13 11:23:51.369  INFO 13028 --- [DiscoveryClient-CacheRefreshExecutor-0] com.netflix.discovery.DiscoveryClient    : Single vip registry refresh property : null
2021-07-13 11:23:51.370  INFO 13028 --- [DiscoveryClient-CacheRefreshExecutor-0] com.netflix.discovery.DiscoveryClient    : Force full registry fetch : false
2021-07-13 11:23:51.371  INFO 13028 --- [DiscoveryClient-CacheRefreshExecutor-0] com.netflix.discovery.DiscoveryClient    : Application is null : false
2021-07-13 11:23:51.372  INFO 13028 --- [DiscoveryClient-CacheRefreshExecutor-0] com.netflix.discovery.DiscoveryClient    : Registered Applications size is zero : true
2021-07-13 11:23:51.373  INFO 13028 --- [DiscoveryClient-CacheRefreshExecutor-0] com.netflix.discovery.DiscoveryClient    : Application version is -1: false
2021-07-13 11:23:51.374  INFO 13028 --- [DiscoveryClient-CacheRefreshExecutor-0] com.netflix.discovery.DiscoveryClient    : Getting all instance registry info from the eureka server
2021-07-13 11:23:51.414  INFO 13028 --- [DiscoveryClient-CacheRefreshExecutor-0] com.netflix.discovery.DiscoveryClient    : The response status is 200
2021-07-13 11:25:31.025  INFO 13028 --- [http-nio-8082-exec-3] c.example.demo.service.IssueServiceImpl  : within display issue service
2021-07-13 11:28:20.668  INFO 13028 --- [AsyncResolver-bootstrap-executor-0] c.n.d.s.r.aws.ConfigClusterResolver      : Resolving eureka endpoints via configuration
2021-07-13 11:30:36.264  INFO 13028 --- [http-nio-8082-exec-3] c.example.demo.service.IssueServiceImpl  : within create issue service
2021-07-13 11:31:09.095  INFO 13028 --- [http-nio-8082-exec-7] c.example.demo.service.IssueServiceImpl  : within display issue service
2021-07-13 11:33:20.683  INFO 13028 --- [AsyncResolver-bootstrap-executor-0] c.n.d.s.r.aws.ConfigClusterResolver      : Resolving eureka endpoints via configuration
2021-07-13 11:38:20.701  INFO 13028 --- [AsyncResolver-bootstrap-executor-0] c.n.d.s.r.aws.ConfigClusterResolver      : Resolving eureka endpoints via configuration
2021-07-13 11:43:20.714  INFO 13028 --- [AsyncResolver-bootstrap-executor-0] c.n.d.s.r.aws.ConfigClusterResolver      : Resolving eureka endpoints via configuration
2021-07-13 11:47:54.370  INFO 13028 --- [http-nio-8082-exec-8] c.example.demo.service.IssueServiceImpl  : within display issue service
2021-07-13 11:48:07.282  INFO 13028 --- [http-nio-8082-exec-10] c.example.demo.service.IssueServiceImpl  : within display issue service
2021-07-13 11:48:20.729  INFO 13028 --- [AsyncResolver-bootstrap-executor-0] c.n.d.s.r.aws.ConfigClusterResolver      : Resolving eureka endpoints via configuration
2021-07-13 11:48:27.798  INFO 13028 --- [http-nio-8082-exec-2] c.example.demo.service.IssueServiceImpl  : within create issue service
2021-07-13 11:48:41.810  INFO 13028 --- [http-nio-8082-exec-4] c.example.demo.service.IssueServiceImpl  : within display issue service
2021-07-13 11:51:43.427  INFO 13028 --- [RMI TCP Connection(43)-127.0.0.1] inMXBeanRegistrar$SpringApplicationAdmin : Application shutdown requested.
2021-07-13 11:51:43.431  INFO 13028 --- [RMI TCP Connection(43)-127.0.0.1] o.s.c.n.e.s.EurekaServiceRegistry        : Unregistering application ISSUE-SERVIE with eureka with status DOWN
2021-07-13 11:51:43.433  INFO 13028 --- [RMI TCP Connection(43)-127.0.0.1] com.netflix.discovery.DiscoveryClient    : Saw local status change event StatusChangeEvent [timestamp=1626157303433, current=DOWN, previous=UP]
2021-07-13 11:51:43.433  INFO 13028 --- [DiscoveryClient-InstanceInfoReplicator-0] com.netflix.discovery.DiscoveryClient    : DiscoveryClient_ISSUE-SERVIE/9.85.108.186:issue-servie:8082: registering service...
2021-07-13 11:51:43.463  INFO 13028 --- [DiscoveryClient-InstanceInfoReplicator-0] com.netflix.discovery.DiscoveryClient    : DiscoveryClient_ISSUE-SERVIE/9.85.108.186:issue-servie:8082 - registration status: 204
2021-07-13 11:51:43.584  INFO 13028 --- [RMI TCP Connection(43)-127.0.0.1] org.mongodb.driver.connection            : Closed connection [connectionId{localValue:3, serverValue:21}] to localhost:27017 because the pool has been closed.
2021-07-13 11:51:43.599  INFO 13028 --- [RMI TCP Connection(43)-127.0.0.1] com.netflix.discovery.DiscoveryClient    : Shutting down DiscoveryClient ...
2021-07-13 11:51:46.632  INFO 13028 --- [RMI TCP Connection(43)-127.0.0.1] com.netflix.discovery.DiscoveryClient    : Unregistering ...
2021-07-13 11:51:46.646  INFO 13028 --- [RMI TCP Connection(43)-127.0.0.1] com.netflix.discovery.DiscoveryClient    : DiscoveryClient_ISSUE-SERVIE/9.85.108.186:issue-servie:8082 - deregister  status: 200
2021-07-13 11:51:46.846  INFO 13028 --- [RMI TCP Connection(43)-127.0.0.1] com.netflix.discovery.DiscoveryClient    : Completed shut down of DiscoveryClient
